13:36:46 INFO  : Launching XSCT server: xsct.bat -n  -interactive D:\repos\red_pitaya_opo_locking\vitis_workspace\temp_xsdb_launch_script.tcl
13:36:46 INFO  : Registering command handlers for Vitis TCF services
13:36:46 INFO  : Platform repository initialization has completed.
13:36:49 INFO  : XSCT server has started successfully.
13:36:49 INFO  : Successfully done setting XSCT server connection channel  
13:36:49 INFO  : plnx-install-location is set to ''
13:36:49 INFO  : Successfully done setting workspace for the tool. 
13:36:50 INFO  : Successfully done query RDI_DATADIR 
13:38:56 INFO  : Result from executing command 'getProjects': test_hello_world
13:38:56 INFO  : Result from executing command 'getPlatforms': 
13:39:31 INFO  : Result from executing command 'getProjects': test_hello_world
13:39:31 INFO  : Result from executing command 'getPlatforms': test_hello_world|D:/repos/red_pitaya_opo_locking/vitis_workspace/test_hello_world/export/test_hello_world/test_hello_world.xpfm
13:40:31 INFO  : Checking for BSP changes to sync application flags for project 'holamundo'...
13:42:06 INFO  : Connected to target on host '127.0.0.1' and port '3121'.
13:43:38 INFO  : Connected through redirection to target on host '25.1.20.57' and port '3121'.
13:43:39 INFO  : ----------------XSDB Script----------------
connect -path [list tcp::1534 tcp:25.1.20.57:3121]
----------------End of Script----------------

13:43:39 ERROR : Could not find FPGA device on the board for connection 'b229_fpga'.


Troubleshooting hints:
1. Check whether board is connected to system properly.
2. In case of zynq board, check whether Digilent/Xilinx cable switch settings are correct.
3. If you are using Xilinx Platform Cable USB, ensure that status LED is green.
13:45:50 INFO  : Connected through redirection to target on host '25.1.20.57' and port '3121'.
13:45:50 INFO  : ----------------XSDB Script----------------
connect -path [list tcp::1534 tcp:25.1.20.57:3121]
----------------End of Script----------------

13:45:50 ERROR : Could not find FPGA device on the board for connection 'b229_fpga'.


Troubleshooting hints:
1. Check whether board is connected to system properly.
2. In case of zynq board, check whether Digilent/Xilinx cable switch settings are correct.
3. If you are using Xilinx Platform Cable USB, ensure that status LED is green.
13:46:30 INFO  : Connected to target on host '127.0.0.1' and port '3121'.
