16:22:00 INFO  : Platform repository initialization has completed.
16:22:00 INFO  : Registering command handlers for Vitis TCF services
16:22:00 INFO  : Launching XSCT server: xsct.bat -n  -interactive D:\repos\red_pitaya_opo_locking\vitis_workspace2_for_opo\temp_xsdb_launch_script.tcl
16:22:04 INFO  : XSCT server has started successfully.
16:22:04 INFO  : Successfully done setting XSCT server connection channel  
16:22:04 INFO  : plnx-install-location is set to ''
16:22:09 INFO  : Successfully done setting workspace for the tool. 
16:22:09 INFO  : Successfully done query RDI_DATADIR 
16:24:03 INFO  : Result from executing command 'getProjects': opo_locking_project
16:24:03 INFO  : Result from executing command 'getPlatforms': 
16:24:48 INFO  : Result from executing command 'getProjects': opo_locking_project
16:24:48 INFO  : Result from executing command 'getPlatforms': opo_locking_project|D:/repos/red_pitaya_opo_locking/vitis_workspace2_for_opo/opo_locking_project/export/opo_locking_project/opo_locking_project.xpfm
16:25:57 INFO  : Checking for BSP changes to sync application flags for project 'opo_locking'...
16:27:51 INFO  : Result from executing command 'getProjects': opo_locking_project
16:27:51 INFO  : Result from executing command 'getPlatforms': opo_locking_project|D:/repos/red_pitaya_opo_locking/vitis_workspace2_for_opo/opo_locking_project/export/opo_locking_project/opo_locking_project.xpfm
16:27:51 INFO  : Checking for BSP changes to sync application flags for project 'opo_locking'...
16:27:52 INFO  : Updating application flags with new BSP settings...
16:27:52 INFO  : Successfully updated application flags for project opo_locking.
16:28:22 INFO  : Connected to target on host '127.0.0.1' and port '3121'.
16:28:23 INFO  : Jtag cable 'Platform Cable USB II 13724327082e01' is selected.
16:28:23 INFO  : 'jtag frequency' command is executed.
16:28:23 INFO  : Context for 'APU' is selected.
16:28:23 INFO  : System reset is completed.
16:28:26 INFO  : 'after 3000' command is executed.
16:28:26 INFO  : 'targets -set -filter {jtag_cable_name =~ "Platform Cable USB II 13724327082e01" && level==0 && jtag_device_ctx=="jsn-DLC10-13724327082e01-13722093-0"}' command is executed.
16:28:32 INFO  : Device configured successfully with "D:/repos/red_pitaya_opo_locking/vitis_workspace2_for_opo/opo_locking/_ide/bitstream/SixthDraftBD_wrapper.bit"
16:28:32 INFO  : Context for 'APU' is selected.
16:28:33 INFO  : Hardware design and registers information is loaded from 'D:/repos/red_pitaya_opo_locking/vitis_workspace2_for_opo/opo_locking_project/export/opo_locking_project/hw/SixthDraftBD_wrapper.xsa'.
16:28:33 INFO  : 'configparams force-mem-access 1' command is executed.
16:28:33 INFO  : Context for 'APU' is selected.
16:28:33 INFO  : Sourcing of 'D:/repos/red_pitaya_opo_locking/vitis_workspace2_for_opo/opo_locking/_ide/psinit/ps7_init.tcl' is done.
16:28:37 INFO  : 'ps7_init' command is executed.
16:28:38 INFO  : 'ps7_post_config' command is executed.
16:28:38 INFO  : Context for processor 'ps7_cortexa9_0' is selected.
16:28:39 INFO  : The application 'D:/repos/red_pitaya_opo_locking/vitis_workspace2_for_opo/opo_locking/Debug/opo_locking.elf' is downloaded to processor 'ps7_cortexa9_0'.
16:28:39 INFO  : 'configparams force-mem-access 0' command is executed.
16:28:39 INFO  : ----------------XSDB Script----------------
connect -url tcp:127.0.0.1:3121
targets -set -nocase -filter {name =~"APU*"}
rst -system
after 3000
targets -set -filter {jtag_cable_name =~ "Platform Cable USB II 13724327082e01" && level==0 && jtag_device_ctx=="jsn-DLC10-13724327082e01-13722093-0"}
fpga -file D:/repos/red_pitaya_opo_locking/vitis_workspace2_for_opo/opo_locking/_ide/bitstream/SixthDraftBD_wrapper.bit
targets -set -nocase -filter {name =~"APU*"}
loadhw -hw D:/repos/red_pitaya_opo_locking/vitis_workspace2_for_opo/opo_locking_project/export/opo_locking_project/hw/SixthDraftBD_wrapper.xsa -mem-ranges [list {0x40000000 0xbfffffff}] -regs
configparams force-mem-access 1
targets -set -nocase -filter {name =~"APU*"}
source D:/repos/red_pitaya_opo_locking/vitis_workspace2_for_opo/opo_locking/_ide/psinit/ps7_init.tcl
ps7_init
ps7_post_config
targets -set -nocase -filter {name =~ "*A9*#0"}
dow D:/repos/red_pitaya_opo_locking/vitis_workspace2_for_opo/opo_locking/Debug/opo_locking.elf
configparams force-mem-access 0
----------------End of Script----------------

16:28:40 INFO  : Context for processor 'ps7_cortexa9_0' is selected.
16:28:40 INFO  : 'con' command is executed.
16:28:40 INFO  : ----------------XSDB Script (After Launch)----------------
targets -set -nocase -filter {name =~ "*A9*#0"}
con
----------------End of Script----------------

16:28:40 INFO  : Launch script is exported to file 'D:\repos\red_pitaya_opo_locking\vitis_workspace2_for_opo\opo_locking_system\_ide\scripts\systemdebugger_opo_locking_system_standalone.tcl'
16:29:34 INFO  : No changes in MSS file content so sources will not be generated.
16:29:42 INFO  : No changes in MSS file content so sources will not be generated.
16:29:52 INFO  : Result from executing command 'getProjects': opo_locking_project
16:29:52 INFO  : Result from executing command 'getPlatforms': opo_locking_project|D:/repos/red_pitaya_opo_locking/vitis_workspace2_for_opo/opo_locking_project/export/opo_locking_project/opo_locking_project.xpfm
16:30:29 INFO  : Disconnected from the channel tcfchan#5.
16:30:29 INFO  : Connected to target on host '127.0.0.1' and port '3121'.
16:30:30 INFO  : Jtag cable 'Platform Cable USB II 13724327082e01' is selected.
16:30:30 INFO  : 'jtag frequency' command is executed.
16:30:30 INFO  : Context for 'APU' is selected.
16:30:30 INFO  : System reset is completed.
16:30:33 INFO  : 'after 3000' command is executed.
16:30:34 INFO  : 'targets -set -filter {jtag_cable_name =~ "Platform Cable USB II 13724327082e01" && level==0 && jtag_device_ctx=="jsn-DLC10-13724327082e01-13722093-0"}' command is executed.
16:30:40 INFO  : Device configured successfully with "D:/repos/red_pitaya_opo_locking/vitis_workspace2_for_opo/opo_locking/_ide/bitstream/SixthDraftBD_wrapper.bit"
16:30:40 INFO  : Context for 'APU' is selected.
16:30:41 INFO  : Hardware design and registers information is loaded from 'D:/repos/red_pitaya_opo_locking/vitis_workspace2_for_opo/opo_locking_project/export/opo_locking_project/hw/SixthDraftBD_wrapper.xsa'.
16:30:41 INFO  : 'configparams force-mem-access 1' command is executed.
16:30:41 INFO  : Context for 'APU' is selected.
16:30:41 INFO  : Sourcing of 'D:/repos/red_pitaya_opo_locking/vitis_workspace2_for_opo/opo_locking/_ide/psinit/ps7_init.tcl' is done.
16:30:44 INFO  : 'ps7_init' command is executed.
16:30:45 INFO  : 'ps7_post_config' command is executed.
16:30:45 INFO  : Context for processor 'ps7_cortexa9_0' is selected.
16:30:46 INFO  : The application 'D:/repos/red_pitaya_opo_locking/vitis_workspace2_for_opo/opo_locking/Debug/opo_locking.elf' is downloaded to processor 'ps7_cortexa9_0'.
16:30:46 INFO  : 'configparams force-mem-access 0' command is executed.
16:30:46 INFO  : ----------------XSDB Script----------------
connect -url tcp:127.0.0.1:3121
targets -set -nocase -filter {name =~"APU*"}
rst -system
after 3000
targets -set -filter {jtag_cable_name =~ "Platform Cable USB II 13724327082e01" && level==0 && jtag_device_ctx=="jsn-DLC10-13724327082e01-13722093-0"}
fpga -file D:/repos/red_pitaya_opo_locking/vitis_workspace2_for_opo/opo_locking/_ide/bitstream/SixthDraftBD_wrapper.bit
targets -set -nocase -filter {name =~"APU*"}
loadhw -hw D:/repos/red_pitaya_opo_locking/vitis_workspace2_for_opo/opo_locking_project/export/opo_locking_project/hw/SixthDraftBD_wrapper.xsa -mem-ranges [list {0x40000000 0xbfffffff}] -regs
configparams force-mem-access 1
targets -set -nocase -filter {name =~"APU*"}
source D:/repos/red_pitaya_opo_locking/vitis_workspace2_for_opo/opo_locking/_ide/psinit/ps7_init.tcl
ps7_init
ps7_post_config
targets -set -nocase -filter {name =~ "*A9*#0"}
dow D:/repos/red_pitaya_opo_locking/vitis_workspace2_for_opo/opo_locking/Debug/opo_locking.elf
configparams force-mem-access 0
----------------End of Script----------------

16:30:47 INFO  : Context for processor 'ps7_cortexa9_0' is selected.
16:30:47 INFO  : 'con' command is executed.
16:30:47 INFO  : ----------------XSDB Script (After Launch)----------------
targets -set -nocase -filter {name =~ "*A9*#0"}
con
----------------End of Script----------------

16:30:47 INFO  : Launch script is exported to file 'D:\repos\red_pitaya_opo_locking\vitis_workspace2_for_opo\opo_locking_system\_ide\scripts\systemdebugger_opo_locking_system_standalone.tcl'
16:32:22 INFO  : Result from executing command 'removePlatformRepo': 
16:32:55 INFO  : Result from executing command 'getProjects': opo_locking_project
16:32:55 INFO  : Result from executing command 'getPlatforms': 
16:32:55 INFO  : Checking for BSP changes to sync application flags for project 'opo_locking'...
16:35:40 INFO  : Checking for BSP changes to sync application flags for project 'opo_locking'...
16:36:11 INFO  : Disconnected from the channel tcfchan#7.
16:36:11 INFO  : Connected to target on host '127.0.0.1' and port '3121'.
16:36:12 INFO  : Jtag cable 'Platform Cable USB II 13724327082e01' is selected.
16:36:12 INFO  : 'jtag frequency' command is executed.
16:36:12 INFO  : Context for 'APU' is selected.
16:36:12 INFO  : System reset is completed.
16:36:15 INFO  : 'after 3000' command is executed.
16:36:16 INFO  : 'targets -set -filter {jtag_cable_name =~ "Platform Cable USB II 13724327082e01" && level==0 && jtag_device_ctx=="jsn-DLC10-13724327082e01-13722093-0"}' command is executed.
16:36:22 INFO  : Device configured successfully with "D:/repos/red_pitaya_opo_locking/vitis_workspace2_for_opo/opo_locking/_ide/bitstream/SixthDraftBD_wrapper.bit"
16:36:22 INFO  : Context for 'APU' is selected.
16:36:22 INFO  : Hardware design and registers information is loaded from 'D:/repos/red_pitaya_opo_locking/vitis_workspace2_for_opo/opo_locking_project/export/opo_locking_project/hw/SixthDraftBD_wrapper.xsa'.
16:36:22 INFO  : 'configparams force-mem-access 1' command is executed.
16:36:22 INFO  : Context for 'APU' is selected.
16:36:22 INFO  : Sourcing of 'D:/repos/red_pitaya_opo_locking/vitis_workspace2_for_opo/opo_locking/_ide/psinit/ps7_init.tcl' is done.
16:36:25 INFO  : 'ps7_init' command is executed.
16:36:25 INFO  : 'ps7_post_config' command is executed.
16:36:26 INFO  : Context for processor 'ps7_cortexa9_0' is selected.
16:36:27 INFO  : The application 'D:/repos/red_pitaya_opo_locking/vitis_workspace2_for_opo/opo_locking/Debug/opo_locking.elf' is downloaded to processor 'ps7_cortexa9_0'.
16:36:27 INFO  : 'configparams force-mem-access 0' command is executed.
16:36:27 INFO  : ----------------XSDB Script----------------
connect -url tcp:127.0.0.1:3121
targets -set -nocase -filter {name =~"APU*"}
rst -system
after 3000
targets -set -filter {jtag_cable_name =~ "Platform Cable USB II 13724327082e01" && level==0 && jtag_device_ctx=="jsn-DLC10-13724327082e01-13722093-0"}
fpga -file D:/repos/red_pitaya_opo_locking/vitis_workspace2_for_opo/opo_locking/_ide/bitstream/SixthDraftBD_wrapper.bit
targets -set -nocase -filter {name =~"APU*"}
loadhw -hw D:/repos/red_pitaya_opo_locking/vitis_workspace2_for_opo/opo_locking_project/export/opo_locking_project/hw/SixthDraftBD_wrapper.xsa -mem-ranges [list {0x40000000 0xbfffffff}] -regs
configparams force-mem-access 1
targets -set -nocase -filter {name =~"APU*"}
source D:/repos/red_pitaya_opo_locking/vitis_workspace2_for_opo/opo_locking/_ide/psinit/ps7_init.tcl
ps7_init
ps7_post_config
targets -set -nocase -filter {name =~ "*A9*#0"}
dow D:/repos/red_pitaya_opo_locking/vitis_workspace2_for_opo/opo_locking/Debug/opo_locking.elf
configparams force-mem-access 0
----------------End of Script----------------

16:36:28 INFO  : Context for processor 'ps7_cortexa9_0' is selected.
16:36:28 INFO  : 'con' command is executed.
16:36:28 INFO  : ----------------XSDB Script (After Launch)----------------
targets -set -nocase -filter {name =~ "*A9*#0"}
con
----------------End of Script----------------

16:36:28 INFO  : Launch script is exported to file 'D:\repos\red_pitaya_opo_locking\vitis_workspace2_for_opo\opo_locking_system\_ide\scripts\systemdebugger_opo_locking_system_standalone.tcl'
10:14:59 INFO  : Disconnected from the channel tcfchan#11.
10:15:07 INFO  : Connected to target on host '127.0.0.1' and port '3121'.
10:15:07 INFO  : Jtag cable 'Platform Cable USB II 13724327082e01' is selected.
10:15:07 INFO  : 'jtag frequency' command is executed.
10:15:08 INFO  : Context for 'APU' is selected.
10:15:08 INFO  : System reset is completed.
10:15:11 INFO  : 'after 3000' command is executed.
10:15:11 INFO  : 'targets -set -filter {jtag_cable_name =~ "Platform Cable USB II 13724327082e01" && level==0 && jtag_device_ctx=="jsn-DLC10-13724327082e01-13722093-0"}' command is executed.
10:15:17 INFO  : Device configured successfully with "D:/repos/red_pitaya_opo_locking/vitis_workspace2_for_opo/opo_locking/_ide/bitstream/SixthDraftBD_wrapper.bit"
10:15:17 INFO  : Context for 'APU' is selected.
10:15:18 INFO  : Hardware design and registers information is loaded from 'D:/repos/red_pitaya_opo_locking/vitis_workspace2_for_opo/opo_locking_project/export/opo_locking_project/hw/SixthDraftBD_wrapper.xsa'.
10:15:18 INFO  : 'configparams force-mem-access 1' command is executed.
10:15:18 INFO  : Context for 'APU' is selected.
10:15:18 INFO  : Sourcing of 'D:/repos/red_pitaya_opo_locking/vitis_workspace2_for_opo/opo_locking/_ide/psinit/ps7_init.tcl' is done.
10:15:21 INFO  : 'ps7_init' command is executed.
10:15:21 INFO  : 'ps7_post_config' command is executed.
10:15:22 INFO  : Context for processor 'ps7_cortexa9_0' is selected.
10:15:23 INFO  : The application 'D:/repos/red_pitaya_opo_locking/vitis_workspace2_for_opo/opo_locking/Debug/opo_locking.elf' is downloaded to processor 'ps7_cortexa9_0'.
10:15:23 INFO  : 'configparams force-mem-access 0' command is executed.
10:15:23 INFO  : ----------------XSDB Script----------------
connect -url tcp:127.0.0.1:3121
targets -set -nocase -filter {name =~"APU*"}
rst -system
after 3000
targets -set -filter {jtag_cable_name =~ "Platform Cable USB II 13724327082e01" && level==0 && jtag_device_ctx=="jsn-DLC10-13724327082e01-13722093-0"}
fpga -file D:/repos/red_pitaya_opo_locking/vitis_workspace2_for_opo/opo_locking/_ide/bitstream/SixthDraftBD_wrapper.bit
targets -set -nocase -filter {name =~"APU*"}
loadhw -hw D:/repos/red_pitaya_opo_locking/vitis_workspace2_for_opo/opo_locking_project/export/opo_locking_project/hw/SixthDraftBD_wrapper.xsa -mem-ranges [list {0x40000000 0xbfffffff}] -regs
configparams force-mem-access 1
targets -set -nocase -filter {name =~"APU*"}
source D:/repos/red_pitaya_opo_locking/vitis_workspace2_for_opo/opo_locking/_ide/psinit/ps7_init.tcl
ps7_init
ps7_post_config
targets -set -nocase -filter {name =~ "*A9*#0"}
dow D:/repos/red_pitaya_opo_locking/vitis_workspace2_for_opo/opo_locking/Debug/opo_locking.elf
configparams force-mem-access 0
----------------End of Script----------------

10:15:23 INFO  : Context for processor 'ps7_cortexa9_0' is selected.
10:15:24 INFO  : 'con' command is executed.
10:15:24 INFO  : ----------------XSDB Script (After Launch)----------------
targets -set -nocase -filter {name =~ "*A9*#0"}
con
----------------End of Script----------------

10:15:24 INFO  : Launch script is exported to file 'D:\repos\red_pitaya_opo_locking\vitis_workspace2_for_opo\opo_locking_system\_ide\scripts\systemdebugger_opo_locking_system_standalone.tcl'
10:19:20 INFO  : Disconnected from the channel tcfchan#12.
10:19:20 INFO  : Connected to target on host '127.0.0.1' and port '3121'.
10:19:21 INFO  : Jtag cable 'Platform Cable USB II 13724327082e01' is selected.
10:19:21 INFO  : 'jtag frequency' command is executed.
10:19:21 INFO  : Context for 'APU' is selected.
10:19:21 INFO  : System reset is completed.
10:19:24 INFO  : 'after 3000' command is executed.
10:19:25 INFO  : 'targets -set -filter {jtag_cable_name =~ "Platform Cable USB II 13724327082e01" && level==0 && jtag_device_ctx=="jsn-DLC10-13724327082e01-13722093-0"}' command is executed.
10:19:31 INFO  : Device configured successfully with "D:/repos/red_pitaya_opo_locking/vitis_workspace2_for_opo/opo_locking/_ide/bitstream/SixthDraftBD_wrapper.bit"
10:19:31 INFO  : Context for 'APU' is selected.
10:19:32 INFO  : Hardware design and registers information is loaded from 'D:/repos/red_pitaya_opo_locking/vitis_workspace2_for_opo/opo_locking_project/export/opo_locking_project/hw/SixthDraftBD_wrapper.xsa'.
10:19:32 INFO  : 'configparams force-mem-access 1' command is executed.
10:19:32 INFO  : Context for 'APU' is selected.
10:19:32 INFO  : Sourcing of 'D:/repos/red_pitaya_opo_locking/vitis_workspace2_for_opo/opo_locking/_ide/psinit/ps7_init.tcl' is done.
10:19:36 INFO  : 'ps7_init' command is executed.
10:19:36 INFO  : 'ps7_post_config' command is executed.
10:19:36 INFO  : Context for processor 'ps7_cortexa9_0' is selected.
10:19:38 INFO  : The application 'D:/repos/red_pitaya_opo_locking/vitis_workspace2_for_opo/opo_locking/Debug/opo_locking.elf' is downloaded to processor 'ps7_cortexa9_0'.
10:19:38 INFO  : 'configparams force-mem-access 0' command is executed.
10:19:38 INFO  : ----------------XSDB Script----------------
connect -url tcp:127.0.0.1:3121
targets -set -nocase -filter {name =~"APU*"}
rst -system
after 3000
targets -set -filter {jtag_cable_name =~ "Platform Cable USB II 13724327082e01" && level==0 && jtag_device_ctx=="jsn-DLC10-13724327082e01-13722093-0"}
fpga -file D:/repos/red_pitaya_opo_locking/vitis_workspace2_for_opo/opo_locking/_ide/bitstream/SixthDraftBD_wrapper.bit
targets -set -nocase -filter {name =~"APU*"}
loadhw -hw D:/repos/red_pitaya_opo_locking/vitis_workspace2_for_opo/opo_locking_project/export/opo_locking_project/hw/SixthDraftBD_wrapper.xsa -mem-ranges [list {0x40000000 0xbfffffff}] -regs
configparams force-mem-access 1
targets -set -nocase -filter {name =~"APU*"}
source D:/repos/red_pitaya_opo_locking/vitis_workspace2_for_opo/opo_locking/_ide/psinit/ps7_init.tcl
ps7_init
ps7_post_config
targets -set -nocase -filter {name =~ "*A9*#0"}
dow D:/repos/red_pitaya_opo_locking/vitis_workspace2_for_opo/opo_locking/Debug/opo_locking.elf
configparams force-mem-access 0
----------------End of Script----------------

10:19:38 INFO  : Context for processor 'ps7_cortexa9_0' is selected.
10:19:39 INFO  : 'con' command is executed.
10:19:39 INFO  : ----------------XSDB Script (After Launch)----------------
targets -set -nocase -filter {name =~ "*A9*#0"}
con
----------------End of Script----------------

10:19:39 INFO  : Launch script is exported to file 'D:\repos\red_pitaya_opo_locking\vitis_workspace2_for_opo\opo_locking_system\_ide\scripts\systemdebugger_opo_locking_system_standalone.tcl'
10:20:31 INFO  : Disconnected from the channel tcfchan#13.
10:20:32 INFO  : Connected to target on host '127.0.0.1' and port '3121'.
10:20:32 INFO  : Jtag cable 'Platform Cable USB II 13724327082e01' is selected.
10:20:32 INFO  : 'jtag frequency' command is executed.
10:20:32 INFO  : Context for 'APU' is selected.
10:20:33 INFO  : System reset is completed.
10:20:36 INFO  : 'after 3000' command is executed.
10:20:36 INFO  : 'targets -set -filter {jtag_cable_name =~ "Platform Cable USB II 13724327082e01" && level==0 && jtag_device_ctx=="jsn-DLC10-13724327082e01-13722093-0"}' command is executed.
10:20:42 INFO  : Device configured successfully with "D:/repos/red_pitaya_opo_locking/vitis_workspace2_for_opo/opo_locking/_ide/bitstream/SixthDraftBD_wrapper.bit"
10:20:43 INFO  : Context for 'APU' is selected.
10:20:43 INFO  : Hardware design and registers information is loaded from 'D:/repos/red_pitaya_opo_locking/vitis_workspace2_for_opo/opo_locking_project/export/opo_locking_project/hw/SixthDraftBD_wrapper.xsa'.
10:20:43 INFO  : 'configparams force-mem-access 1' command is executed.
10:20:43 INFO  : Context for 'APU' is selected.
10:20:43 INFO  : Sourcing of 'D:/repos/red_pitaya_opo_locking/vitis_workspace2_for_opo/opo_locking/_ide/psinit/ps7_init.tcl' is done.
10:20:47 INFO  : 'ps7_init' command is executed.
10:20:47 INFO  : 'ps7_post_config' command is executed.
10:20:47 INFO  : Context for processor 'ps7_cortexa9_0' is selected.
10:20:49 INFO  : The application 'D:/repos/red_pitaya_opo_locking/vitis_workspace2_for_opo/opo_locking/Debug/opo_locking.elf' is downloaded to processor 'ps7_cortexa9_0'.
10:20:49 INFO  : 'configparams force-mem-access 0' command is executed.
10:20:49 INFO  : ----------------XSDB Script----------------
connect -url tcp:127.0.0.1:3121
targets -set -nocase -filter {name =~"APU*"}
rst -system
after 3000
targets -set -filter {jtag_cable_name =~ "Platform Cable USB II 13724327082e01" && level==0 && jtag_device_ctx=="jsn-DLC10-13724327082e01-13722093-0"}
fpga -file D:/repos/red_pitaya_opo_locking/vitis_workspace2_for_opo/opo_locking/_ide/bitstream/SixthDraftBD_wrapper.bit
targets -set -nocase -filter {name =~"APU*"}
loadhw -hw D:/repos/red_pitaya_opo_locking/vitis_workspace2_for_opo/opo_locking_project/export/opo_locking_project/hw/SixthDraftBD_wrapper.xsa -mem-ranges [list {0x40000000 0xbfffffff}] -regs
configparams force-mem-access 1
targets -set -nocase -filter {name =~"APU*"}
source D:/repos/red_pitaya_opo_locking/vitis_workspace2_for_opo/opo_locking/_ide/psinit/ps7_init.tcl
ps7_init
ps7_post_config
targets -set -nocase -filter {name =~ "*A9*#0"}
dow D:/repos/red_pitaya_opo_locking/vitis_workspace2_for_opo/opo_locking/Debug/opo_locking.elf
configparams force-mem-access 0
----------------End of Script----------------

10:20:49 INFO  : Context for processor 'ps7_cortexa9_0' is selected.
10:20:50 INFO  : 'con' command is executed.
10:20:50 INFO  : ----------------XSDB Script (After Launch)----------------
targets -set -nocase -filter {name =~ "*A9*#0"}
con
----------------End of Script----------------

10:20:50 INFO  : Launch script is exported to file 'D:\repos\red_pitaya_opo_locking\vitis_workspace2_for_opo\opo_locking_system\_ide\scripts\systemdebugger_opo_locking_system_standalone.tcl'
10:29:49 INFO  : Disconnected from the channel tcfchan#14.
10:29:50 INFO  : Connected to target on host '127.0.0.1' and port '3121'.
10:29:51 INFO  : Jtag cable 'Platform Cable USB II 13724327082e01' is selected.
10:29:51 INFO  : 'jtag frequency' command is executed.
10:29:51 INFO  : Context for 'APU' is selected.
10:29:51 INFO  : System reset is completed.
10:29:54 INFO  : 'after 3000' command is executed.
10:29:55 INFO  : 'targets -set -filter {jtag_cable_name =~ "Platform Cable USB II 13724327082e01" && level==0 && jtag_device_ctx=="jsn-DLC10-13724327082e01-13722093-0"}' command is executed.
10:30:01 INFO  : Device configured successfully with "D:/repos/red_pitaya_opo_locking/vitis_workspace2_for_opo/opo_locking/_ide/bitstream/SixthDraftBD_wrapper.bit"
10:30:01 INFO  : Context for 'APU' is selected.
10:30:02 INFO  : Hardware design and registers information is loaded from 'D:/repos/red_pitaya_opo_locking/vitis_workspace2_for_opo/opo_locking_project/export/opo_locking_project/hw/SixthDraftBD_wrapper.xsa'.
10:30:02 INFO  : 'configparams force-mem-access 1' command is executed.
10:30:02 INFO  : Context for 'APU' is selected.
10:30:02 INFO  : Sourcing of 'D:/repos/red_pitaya_opo_locking/vitis_workspace2_for_opo/opo_locking/_ide/psinit/ps7_init.tcl' is done.
10:30:06 INFO  : 'ps7_init' command is executed.
10:30:06 INFO  : 'ps7_post_config' command is executed.
10:30:06 INFO  : Context for processor 'ps7_cortexa9_0' is selected.
10:30:07 INFO  : The application 'D:/repos/red_pitaya_opo_locking/vitis_workspace2_for_opo/opo_locking/Debug/opo_locking.elf' is downloaded to processor 'ps7_cortexa9_0'.
10:30:07 INFO  : 'configparams force-mem-access 0' command is executed.
10:30:07 INFO  : ----------------XSDB Script----------------
connect -url tcp:127.0.0.1:3121
targets -set -nocase -filter {name =~"APU*"}
rst -system
after 3000
targets -set -filter {jtag_cable_name =~ "Platform Cable USB II 13724327082e01" && level==0 && jtag_device_ctx=="jsn-DLC10-13724327082e01-13722093-0"}
fpga -file D:/repos/red_pitaya_opo_locking/vitis_workspace2_for_opo/opo_locking/_ide/bitstream/SixthDraftBD_wrapper.bit
targets -set -nocase -filter {name =~"APU*"}
loadhw -hw D:/repos/red_pitaya_opo_locking/vitis_workspace2_for_opo/opo_locking_project/export/opo_locking_project/hw/SixthDraftBD_wrapper.xsa -mem-ranges [list {0x40000000 0xbfffffff}] -regs
configparams force-mem-access 1
targets -set -nocase -filter {name =~"APU*"}
source D:/repos/red_pitaya_opo_locking/vitis_workspace2_for_opo/opo_locking/_ide/psinit/ps7_init.tcl
ps7_init
ps7_post_config
targets -set -nocase -filter {name =~ "*A9*#0"}
dow D:/repos/red_pitaya_opo_locking/vitis_workspace2_for_opo/opo_locking/Debug/opo_locking.elf
configparams force-mem-access 0
----------------End of Script----------------

10:30:08 INFO  : Context for processor 'ps7_cortexa9_0' is selected.
10:30:08 INFO  : 'con' command is executed.
10:30:08 INFO  : ----------------XSDB Script (After Launch)----------------
targets -set -nocase -filter {name =~ "*A9*#0"}
con
----------------End of Script----------------

10:30:08 INFO  : Launch script is exported to file 'D:\repos\red_pitaya_opo_locking\vitis_workspace2_for_opo\opo_locking_system\_ide\scripts\systemdebugger_opo_locking_system_standalone.tcl'
10:31:42 INFO  : Disconnected from the channel tcfchan#15.
10:31:43 INFO  : Connected to target on host '127.0.0.1' and port '3121'.
10:31:44 INFO  : Jtag cable 'Platform Cable USB II 13724327082e01' is selected.
10:31:44 INFO  : 'jtag frequency' command is executed.
10:31:44 INFO  : Context for 'APU' is selected.
10:31:44 INFO  : System reset is completed.
10:31:47 INFO  : 'after 3000' command is executed.
10:31:48 INFO  : 'targets -set -filter {jtag_cable_name =~ "Platform Cable USB II 13724327082e01" && level==0 && jtag_device_ctx=="jsn-DLC10-13724327082e01-13722093-0"}' command is executed.
10:31:54 INFO  : Device configured successfully with "D:/repos/red_pitaya_opo_locking/vitis_workspace2_for_opo/opo_locking/_ide/bitstream/SixthDraftBD_wrapper.bit"
10:31:54 INFO  : Context for 'APU' is selected.
10:31:54 INFO  : Hardware design and registers information is loaded from 'D:/repos/red_pitaya_opo_locking/vitis_workspace2_for_opo/opo_locking_project/export/opo_locking_project/hw/SixthDraftBD_wrapper.xsa'.
10:31:54 INFO  : 'configparams force-mem-access 1' command is executed.
10:31:54 INFO  : Context for 'APU' is selected.
10:31:54 INFO  : Sourcing of 'D:/repos/red_pitaya_opo_locking/vitis_workspace2_for_opo/opo_locking/_ide/psinit/ps7_init.tcl' is done.
10:31:59 INFO  : 'ps7_init' command is executed.
10:31:59 INFO  : 'ps7_post_config' command is executed.
10:31:59 INFO  : Context for processor 'ps7_cortexa9_0' is selected.
10:32:00 INFO  : The application 'D:/repos/red_pitaya_opo_locking/vitis_workspace2_for_opo/opo_locking/Debug/opo_locking.elf' is downloaded to processor 'ps7_cortexa9_0'.
10:32:01 INFO  : 'configparams force-mem-access 0' command is executed.
10:32:01 INFO  : ----------------XSDB Script----------------
connect -url tcp:127.0.0.1:3121
targets -set -nocase -filter {name =~"APU*"}
rst -system
after 3000
targets -set -filter {jtag_cable_name =~ "Platform Cable USB II 13724327082e01" && level==0 && jtag_device_ctx=="jsn-DLC10-13724327082e01-13722093-0"}
fpga -file D:/repos/red_pitaya_opo_locking/vitis_workspace2_for_opo/opo_locking/_ide/bitstream/SixthDraftBD_wrapper.bit
targets -set -nocase -filter {name =~"APU*"}
loadhw -hw D:/repos/red_pitaya_opo_locking/vitis_workspace2_for_opo/opo_locking_project/export/opo_locking_project/hw/SixthDraftBD_wrapper.xsa -mem-ranges [list {0x40000000 0xbfffffff}] -regs
configparams force-mem-access 1
targets -set -nocase -filter {name =~"APU*"}
source D:/repos/red_pitaya_opo_locking/vitis_workspace2_for_opo/opo_locking/_ide/psinit/ps7_init.tcl
ps7_init
ps7_post_config
targets -set -nocase -filter {name =~ "*A9*#0"}
dow D:/repos/red_pitaya_opo_locking/vitis_workspace2_for_opo/opo_locking/Debug/opo_locking.elf
configparams force-mem-access 0
----------------End of Script----------------

10:32:01 INFO  : Context for processor 'ps7_cortexa9_0' is selected.
10:32:02 INFO  : 'con' command is executed.
10:32:02 INFO  : ----------------XSDB Script (After Launch)----------------
targets -set -nocase -filter {name =~ "*A9*#0"}
con
----------------End of Script----------------

10:32:02 INFO  : Launch script is exported to file 'D:\repos\red_pitaya_opo_locking\vitis_workspace2_for_opo\opo_locking_system\_ide\scripts\systemdebugger_opo_locking_system_standalone.tcl'
10:34:00 INFO  : Checking for BSP changes to sync application flags for project 'hwqt'...
10:34:37 INFO  : Disconnected from the channel tcfchan#16.
10:34:39 INFO  : Connected to target on host '127.0.0.1' and port '3121'.
10:34:39 INFO  : Jtag cable 'Platform Cable USB II 13724327082e01' is selected.
10:34:39 INFO  : 'jtag frequency' command is executed.
10:34:39 INFO  : Context for 'APU' is selected.
10:34:39 INFO  : System reset is completed.
10:34:42 INFO  : 'after 3000' command is executed.
10:34:43 INFO  : 'targets -set -filter {jtag_cable_name =~ "Platform Cable USB II 13724327082e01" && level==0 && jtag_device_ctx=="jsn-DLC10-13724327082e01-13722093-0"}' command is executed.
10:34:49 INFO  : Device configured successfully with "D:/repos/red_pitaya_opo_locking/vitis_workspace2_for_opo/hwqt/_ide/bitstream/SixthDraftBD_wrapper.bit"
10:34:49 INFO  : Context for 'APU' is selected.
10:34:49 INFO  : Hardware design and registers information is loaded from 'D:/repos/red_pitaya_opo_locking/vitis_workspace2_for_opo/opo_locking_project/export/opo_locking_project/hw/SixthDraftBD_wrapper.xsa'.
10:34:49 INFO  : 'configparams force-mem-access 1' command is executed.
10:34:49 INFO  : Context for 'APU' is selected.
10:34:49 INFO  : Sourcing of 'D:/repos/red_pitaya_opo_locking/vitis_workspace2_for_opo/hwqt/_ide/psinit/ps7_init.tcl' is done.
10:34:54 INFO  : 'ps7_init' command is executed.
10:34:54 INFO  : 'ps7_post_config' command is executed.
10:34:54 INFO  : Context for processor 'ps7_cortexa9_0' is selected.
10:34:56 INFO  : The application 'D:/repos/red_pitaya_opo_locking/vitis_workspace2_for_opo/hwqt/Debug/hwqt.elf' is downloaded to processor 'ps7_cortexa9_0'.
10:34:56 INFO  : 'configparams force-mem-access 0' command is executed.
10:34:56 INFO  : ----------------XSDB Script----------------
connect -url tcp:127.0.0.1:3121
targets -set -nocase -filter {name =~"APU*"}
rst -system
after 3000
targets -set -filter {jtag_cable_name =~ "Platform Cable USB II 13724327082e01" && level==0 && jtag_device_ctx=="jsn-DLC10-13724327082e01-13722093-0"}
fpga -file D:/repos/red_pitaya_opo_locking/vitis_workspace2_for_opo/hwqt/_ide/bitstream/SixthDraftBD_wrapper.bit
targets -set -nocase -filter {name =~"APU*"}
loadhw -hw D:/repos/red_pitaya_opo_locking/vitis_workspace2_for_opo/opo_locking_project/export/opo_locking_project/hw/SixthDraftBD_wrapper.xsa -mem-ranges [list {0x40000000 0xbfffffff}] -regs
configparams force-mem-access 1
targets -set -nocase -filter {name =~"APU*"}
source D:/repos/red_pitaya_opo_locking/vitis_workspace2_for_opo/hwqt/_ide/psinit/ps7_init.tcl
ps7_init
ps7_post_config
targets -set -nocase -filter {name =~ "*A9*#0"}
dow D:/repos/red_pitaya_opo_locking/vitis_workspace2_for_opo/hwqt/Debug/hwqt.elf
configparams force-mem-access 0
----------------End of Script----------------

10:34:56 INFO  : Context for processor 'ps7_cortexa9_0' is selected.
10:34:57 INFO  : 'con' command is executed.
10:34:57 INFO  : ----------------XSDB Script (After Launch)----------------
targets -set -nocase -filter {name =~ "*A9*#0"}
con
----------------End of Script----------------

10:34:57 INFO  : Launch script is exported to file 'D:\repos\red_pitaya_opo_locking\vitis_workspace2_for_opo\hwqt_system\_ide\scripts\systemdebugger_hwqt_system_standalone.tcl'
10:35:43 INFO  : Disconnected from the channel tcfchan#18.
10:35:43 INFO  : Connected to target on host '127.0.0.1' and port '3121'.
10:35:44 INFO  : Jtag cable 'Platform Cable USB II 13724327082e01' is selected.
10:35:44 INFO  : 'jtag frequency' command is executed.
10:35:44 INFO  : Context for 'APU' is selected.
10:35:45 INFO  : System reset is completed.
10:35:48 INFO  : 'after 3000' command is executed.
10:35:48 INFO  : 'targets -set -filter {jtag_cable_name =~ "Platform Cable USB II 13724327082e01" && level==0 && jtag_device_ctx=="jsn-DLC10-13724327082e01-13722093-0"}' command is executed.
10:35:54 INFO  : Device configured successfully with "D:/repos/red_pitaya_opo_locking/vitis_workspace2_for_opo/hwqt/_ide/bitstream/SixthDraftBD_wrapper.bit"
10:35:55 INFO  : Context for 'APU' is selected.
10:35:55 INFO  : Hardware design and registers information is loaded from 'D:/repos/red_pitaya_opo_locking/vitis_workspace2_for_opo/opo_locking_project/export/opo_locking_project/hw/SixthDraftBD_wrapper.xsa'.
10:35:55 INFO  : 'configparams force-mem-access 1' command is executed.
10:35:55 INFO  : Context for 'APU' is selected.
10:35:55 INFO  : Context for processor 'ps7_cortexa9_0' is selected.
10:35:55 INFO  : Processor reset is completed for 'ps7_cortexa9_0'.
10:35:57 INFO  : The application 'D:/repos/red_pitaya_opo_locking/vitis_workspace2_for_opo/opo_locking_project/export/opo_locking_project/sw/opo_locking_project/boot/fsbl.elf' is downloaded to processor 'ps7_cortexa9_0'.
10:35:57 INFO  : 'set bp_35_57_fsbl_bp [bpadd -addr &FsblHandoffJtagExit]' command is executed.
10:37:02 WARN  : Exit breakpoint of FSBL (FsblHandoffJtagExit) is not hit within allocated wait time of '60' seconds.
Note: To wait for a fixed amount of time specify the FSBL function as empty in launch configuration. Use 'IDE_FSBL_BP_HIT_WAIT_TIME' environment variable in launch configuration to modify the wait time (seconds).
Reason: timeout: target has not halted
10:37:02 INFO  : 'bpremove $bp_35_57_fsbl_bp' command is executed.
10:37:04 INFO  : Context for processor 'ps7_cortexa9_0' is selected.
10:37:05 INFO  : The application 'D:/repos/red_pitaya_opo_locking/vitis_workspace2_for_opo/hwqt/Debug/hwqt.elf' is downloaded to processor 'ps7_cortexa9_0'.
10:37:05 INFO  : 'configparams force-mem-access 0' command is executed.
10:37:05 INFO  : ----------------XSDB Script----------------
connect -url tcp:127.0.0.1:3121
targets -set -nocase -filter {name =~"APU*"}
rst -system
after 3000
targets -set -filter {jtag_cable_name =~ "Platform Cable USB II 13724327082e01" && level==0 && jtag_device_ctx=="jsn-DLC10-13724327082e01-13722093-0"}
fpga -file D:/repos/red_pitaya_opo_locking/vitis_workspace2_for_opo/hwqt/_ide/bitstream/SixthDraftBD_wrapper.bit
targets -set -nocase -filter {name =~"APU*"}
loadhw -hw D:/repos/red_pitaya_opo_locking/vitis_workspace2_for_opo/opo_locking_project/export/opo_locking_project/hw/SixthDraftBD_wrapper.xsa -mem-ranges [list {0x40000000 0xbfffffff}] -regs
configparams force-mem-access 1
targets -set -nocase -filter {name =~"APU*"}
targets -set -nocase -filter {name =~ "*A9*#0"}
rst -processor
dow D:/repos/red_pitaya_opo_locking/vitis_workspace2_for_opo/opo_locking_project/export/opo_locking_project/sw/opo_locking_project/boot/fsbl.elf
set bp_35_57_fsbl_bp [bpadd -addr &FsblHandoffJtagExit]
con -block -timeout 60
bpremove $bp_35_57_fsbl_bp
targets -set -nocase -filter {name =~ "*A9*#0"}
dow D:/repos/red_pitaya_opo_locking/vitis_workspace2_for_opo/hwqt/Debug/hwqt.elf
configparams force-mem-access 0
----------------End of Script----------------

10:37:06 INFO  : Context for processor 'ps7_cortexa9_0' is selected.
10:37:06 INFO  : 'con' command is executed.
10:37:06 INFO  : ----------------XSDB Script (After Launch)----------------
targets -set -nocase -filter {name =~ "*A9*#0"}
con
----------------End of Script----------------

10:37:06 INFO  : Launch script is exported to file 'D:\repos\red_pitaya_opo_locking\vitis_workspace2_for_opo\hwqt_system\_ide\scripts\systemdebugger_hwqt_system_standalone.tcl'
10:37:29 INFO  : Disconnected from the channel tcfchan#19.
10:37:31 INFO  : Connected to target on host '127.0.0.1' and port '3121'.
10:37:31 INFO  : Jtag cable 'Platform Cable USB II 13724327082e01' is selected.
10:37:31 INFO  : 'jtag frequency' command is executed.
10:37:31 INFO  : Context for 'APU' is selected.
10:37:31 INFO  : System reset is completed.
10:37:34 INFO  : 'after 3000' command is executed.
10:37:35 INFO  : 'targets -set -filter {jtag_cable_name =~ "Platform Cable USB II 13724327082e01" && level==0 && jtag_device_ctx=="jsn-DLC10-13724327082e01-13722093-0"}' command is executed.
10:37:41 INFO  : Device configured successfully with "D:/repos/red_pitaya_opo_locking/vitis_workspace2_for_opo/hwqt/_ide/bitstream/SixthDraftBD_wrapper.bit"
10:37:41 INFO  : Context for 'APU' is selected.
10:37:42 INFO  : Hardware design and registers information is loaded from 'D:/repos/red_pitaya_opo_locking/vitis_workspace2_for_opo/opo_locking_project/export/opo_locking_project/hw/SixthDraftBD_wrapper.xsa'.
10:37:42 INFO  : 'configparams force-mem-access 1' command is executed.
10:37:42 INFO  : Context for 'APU' is selected.
10:37:42 INFO  : Context for processor 'ps7_cortexa9_0' is selected.
10:37:42 INFO  : Processor reset is completed for 'ps7_cortexa9_0'.
10:37:43 INFO  : The application 'D:/repos/red_pitaya_opo_locking/vitis_workspace2_for_opo/opo_locking_project/export/opo_locking_project/sw/opo_locking_project/boot/fsbl.elf' is downloaded to processor 'ps7_cortexa9_0'.
10:37:44 INFO  : 'set bp_37_43_fsbl_bp [bpadd -addr &FsblHandoffJtagExit]' command is executed.
10:38:48 WARN  : Exit breakpoint of FSBL (FsblHandoffJtagExit) is not hit within allocated wait time of '60' seconds.
Note: To wait for a fixed amount of time specify the FSBL function as empty in launch configuration. Use 'IDE_FSBL_BP_HIT_WAIT_TIME' environment variable in launch configuration to modify the wait time (seconds).
Reason: timeout: target has not halted
10:38:48 INFO  : 'bpremove $bp_37_43_fsbl_bp' command is executed.
10:39:13 INFO  : Context for processor 'ps7_cortexa9_0' is selected.
10:39:14 INFO  : The application 'D:/repos/red_pitaya_opo_locking/vitis_workspace2_for_opo/hwqt/Debug/hwqt.elf' is downloaded to processor 'ps7_cortexa9_0'.
10:39:15 INFO  : 'configparams force-mem-access 0' command is executed.
10:39:15 INFO  : ----------------XSDB Script----------------
connect -url tcp:127.0.0.1:3121
targets -set -nocase -filter {name =~"APU*"}
rst -system
after 3000
targets -set -filter {jtag_cable_name =~ "Platform Cable USB II 13724327082e01" && level==0 && jtag_device_ctx=="jsn-DLC10-13724327082e01-13722093-0"}
fpga -file D:/repos/red_pitaya_opo_locking/vitis_workspace2_for_opo/hwqt/_ide/bitstream/SixthDraftBD_wrapper.bit
targets -set -nocase -filter {name =~"APU*"}
loadhw -hw D:/repos/red_pitaya_opo_locking/vitis_workspace2_for_opo/opo_locking_project/export/opo_locking_project/hw/SixthDraftBD_wrapper.xsa -mem-ranges [list {0x40000000 0xbfffffff}] -regs
configparams force-mem-access 1
targets -set -nocase -filter {name =~"APU*"}
targets -set -nocase -filter {name =~ "*A9*#0"}
rst -processor
dow D:/repos/red_pitaya_opo_locking/vitis_workspace2_for_opo/opo_locking_project/export/opo_locking_project/sw/opo_locking_project/boot/fsbl.elf
set bp_37_43_fsbl_bp [bpadd -addr &FsblHandoffJtagExit]
con -block -timeout 60
bpremove $bp_37_43_fsbl_bp
targets -set -nocase -filter {name =~ "*A9*#0"}
dow D:/repos/red_pitaya_opo_locking/vitis_workspace2_for_opo/hwqt/Debug/hwqt.elf
configparams force-mem-access 0
----------------End of Script----------------

10:39:15 INFO  : Context for processor 'ps7_cortexa9_0' is selected.
10:39:16 INFO  : 'con' command is executed.
10:39:16 INFO  : ----------------XSDB Script (After Launch)----------------
targets -set -nocase -filter {name =~ "*A9*#0"}
con
----------------End of Script----------------

10:39:16 INFO  : Launch script is exported to file 'D:\repos\red_pitaya_opo_locking\vitis_workspace2_for_opo\hwqt_system\_ide\scripts\systemdebugger_hwqt_system_standalone.tcl'
14:41:39 INFO  : Hardware specification for platform project 'opo_locking_project' is updated.
14:44:41 INFO  : Result from executing command 'getProjects': opo_locking_project
14:44:41 INFO  : Result from executing command 'getPlatforms': opo_locking_project|D:/repos/red_pitaya_opo_locking/vitis_workspace2_for_opo/opo_locking_project/export/opo_locking_project/opo_locking_project.xpfm
14:45:20 INFO  : Checking for BSP changes to sync application flags for project 'opo_locking'...
14:46:09 INFO  : Disconnected from the channel tcfchan#20.
14:46:10 INFO  : Connected to target on host '127.0.0.1' and port '3121'.
14:46:11 INFO  : Jtag cable 'Platform Cable USB II 13724327082e01' is selected.
14:46:11 INFO  : 'jtag frequency' command is executed.
14:46:11 INFO  : Context for 'APU' is selected.
14:46:11 ERROR : Cannot reset APU. APB AP transaction error, DAP status 0xF0000021
14:46:11 INFO  : ----------------XSDB Script----------------
connect -url tcp:127.0.0.1:3121
targets -set -nocase -filter {name =~"APU*"}
rst -system
after 3000
----------------End of Script----------------

14:46:11 ERROR : Cannot reset APU. APB AP transaction error, DAP status 0xF0000021
14:46:31 INFO  : Connected to target on host '127.0.0.1' and port '3121'.
14:46:31 INFO  : Jtag cable 'Platform Cable USB II 13724327082e01' is selected.
14:46:31 INFO  : 'jtag frequency' command is executed.
14:46:31 INFO  : Context for 'APU' is selected.
14:46:31 ERROR : Cannot reset APU. APB AP transaction error, DAP status 0xF0000021
14:46:31 INFO  : ----------------XSDB Script----------------
connect -url tcp:127.0.0.1:3121
targets -set -nocase -filter {name =~"APU*"}
rst -system
after 3000
----------------End of Script----------------

14:46:31 ERROR : Cannot reset APU. APB AP transaction error, DAP status 0xF0000021
14:51:05 INFO  : Checking for BSP changes to sync application flags for project 'opo_locking'...
14:51:32 INFO  : Hardware specification for platform project 'opo_locking_project' is updated.
14:53:09 INFO  : Connected to target on host '127.0.0.1' and port '3121'.
14:53:09 INFO  : Jtag cable 'Platform Cable USB II 13724327082e01' is selected.
14:53:09 INFO  : 'jtag frequency' command is executed.
14:53:09 INFO  : Context for 'APU' is selected.
14:53:09 ERROR : Cannot reset APU. APB AP transaction error, DAP status 0xF0000021
14:53:09 INFO  : ----------------XSDB Script----------------
connect -url tcp:127.0.0.1:3121
targets -set -nocase -filter {name =~"APU*"}
rst -system
after 3000
----------------End of Script----------------

14:53:09 ERROR : Cannot reset APU. APB AP transaction error, DAP status 0xF0000021
15:01:42 INFO  : Connected to target on host '127.0.0.1' and port '3121'.
15:01:42 INFO  : Jtag cable 'Platform Cable USB II 13724327082e01' is selected.
15:01:42 INFO  : 'jtag frequency' command is executed.
15:01:42 INFO  : Context for 'APU' is selected.
15:01:42 INFO  : System reset is completed.
15:01:45 INFO  : 'after 3000' command is executed.
15:01:46 INFO  : 'targets -set -filter {jtag_cable_name =~ "Platform Cable USB II 13724327082e01" && level==0 && jtag_device_ctx=="jsn-DLC10-13724327082e01-13722093-0"}' command is executed.
15:01:52 INFO  : Device configured successfully with "D:/repos/red_pitaya_opo_locking/vitis_workspace2_for_opo/opo_locking/_ide/bitstream/SixthDraftBD_wrapper.bit"
15:01:52 INFO  : Context for 'APU' is selected.
15:01:52 INFO  : Hardware design and registers information is loaded from 'D:/repos/red_pitaya_opo_locking/vitis_workspace2_for_opo/opo_locking_project/export/opo_locking_project/hw/SixthDraftBD_wrapper.xsa'.
15:01:52 INFO  : 'configparams force-mem-access 1' command is executed.
15:01:53 INFO  : Context for 'APU' is selected.
15:01:53 INFO  : Sourcing of 'D:/repos/red_pitaya_opo_locking/vitis_workspace2_for_opo/opo_locking/_ide/psinit/ps7_init.tcl' is done.
15:01:56 INFO  : 'ps7_init' command is executed.
15:01:56 INFO  : 'ps7_post_config' command is executed.
15:01:56 INFO  : Context for processor 'ps7_cortexa9_0' is selected.
15:01:57 INFO  : The application 'D:/repos/red_pitaya_opo_locking/vitis_workspace2_for_opo/opo_locking/Debug/opo_locking.elf' is downloaded to processor 'ps7_cortexa9_0'.
15:01:58 INFO  : 'configparams force-mem-access 0' command is executed.
15:01:58 INFO  : ----------------XSDB Script----------------
connect -url tcp:127.0.0.1:3121
targets -set -nocase -filter {name =~"APU*"}
rst -system
after 3000
targets -set -filter {jtag_cable_name =~ "Platform Cable USB II 13724327082e01" && level==0 && jtag_device_ctx=="jsn-DLC10-13724327082e01-13722093-0"}
fpga -file D:/repos/red_pitaya_opo_locking/vitis_workspace2_for_opo/opo_locking/_ide/bitstream/SixthDraftBD_wrapper.bit
targets -set -nocase -filter {name =~"APU*"}
loadhw -hw D:/repos/red_pitaya_opo_locking/vitis_workspace2_for_opo/opo_locking_project/export/opo_locking_project/hw/SixthDraftBD_wrapper.xsa -mem-ranges [list {0x40000000 0xbfffffff}] -regs
configparams force-mem-access 1
targets -set -nocase -filter {name =~"APU*"}
source D:/repos/red_pitaya_opo_locking/vitis_workspace2_for_opo/opo_locking/_ide/psinit/ps7_init.tcl
ps7_init
ps7_post_config
targets -set -nocase -filter {name =~ "*A9*#0"}
dow D:/repos/red_pitaya_opo_locking/vitis_workspace2_for_opo/opo_locking/Debug/opo_locking.elf
configparams force-mem-access 0
----------------End of Script----------------

15:01:58 INFO  : Context for processor 'ps7_cortexa9_0' is selected.
15:01:59 INFO  : 'con' command is executed.
15:01:59 INFO  : ----------------XSDB Script (After Launch)----------------
targets -set -nocase -filter {name =~ "*A9*#0"}
con
----------------End of Script----------------

15:01:59 INFO  : Launch script is exported to file 'D:\repos\red_pitaya_opo_locking\vitis_workspace2_for_opo\opo_locking_system\_ide\scripts\systemdebugger_opo_locking_system_standalone.tcl'
15:02:49 INFO  : Disconnected from the channel tcfchan#23.
15:02:49 INFO  : Connected to target on host '127.0.0.1' and port '3121'.
15:02:50 INFO  : Jtag cable 'Platform Cable USB II 13724327082e01' is selected.
15:02:50 INFO  : 'jtag frequency' command is executed.
15:02:50 INFO  : Context for 'APU' is selected.
15:02:50 INFO  : System reset is completed.
15:02:53 INFO  : 'after 3000' command is executed.
15:02:54 INFO  : 'targets -set -filter {jtag_cable_name =~ "Platform Cable USB II 13724327082e01" && level==0 && jtag_device_ctx=="jsn-DLC10-13724327082e01-13722093-0"}' command is executed.
15:03:00 INFO  : Device configured successfully with "D:/repos/red_pitaya_opo_locking/vitis_workspace2_for_opo/opo_locking/_ide/bitstream/SixthDraftBD_wrapper.bit"
15:03:00 INFO  : Context for 'APU' is selected.
15:03:00 INFO  : Hardware design and registers information is loaded from 'D:/repos/red_pitaya_opo_locking/vitis_workspace2_for_opo/opo_locking_project/export/opo_locking_project/hw/SixthDraftBD_wrapper.xsa'.
15:03:00 INFO  : 'configparams force-mem-access 1' command is executed.
15:03:00 INFO  : Context for 'APU' is selected.
15:03:00 INFO  : Sourcing of 'D:/repos/red_pitaya_opo_locking/vitis_workspace2_for_opo/opo_locking/_ide/psinit/ps7_init.tcl' is done.
15:03:04 INFO  : 'ps7_init' command is executed.
15:03:04 INFO  : 'ps7_post_config' command is executed.
15:03:04 INFO  : Context for processor 'ps7_cortexa9_0' is selected.
15:03:06 INFO  : The application 'D:/repos/red_pitaya_opo_locking/vitis_workspace2_for_opo/opo_locking/Debug/opo_locking.elf' is downloaded to processor 'ps7_cortexa9_0'.
15:03:06 INFO  : 'configparams force-mem-access 0' command is executed.
15:03:06 INFO  : ----------------XSDB Script----------------
connect -url tcp:127.0.0.1:3121
targets -set -nocase -filter {name =~"APU*"}
rst -system
after 3000
targets -set -filter {jtag_cable_name =~ "Platform Cable USB II 13724327082e01" && level==0 && jtag_device_ctx=="jsn-DLC10-13724327082e01-13722093-0"}
fpga -file D:/repos/red_pitaya_opo_locking/vitis_workspace2_for_opo/opo_locking/_ide/bitstream/SixthDraftBD_wrapper.bit
targets -set -nocase -filter {name =~"APU*"}
loadhw -hw D:/repos/red_pitaya_opo_locking/vitis_workspace2_for_opo/opo_locking_project/export/opo_locking_project/hw/SixthDraftBD_wrapper.xsa -mem-ranges [list {0x40000000 0xbfffffff}] -regs
configparams force-mem-access 1
targets -set -nocase -filter {name =~"APU*"}
source D:/repos/red_pitaya_opo_locking/vitis_workspace2_for_opo/opo_locking/_ide/psinit/ps7_init.tcl
ps7_init
ps7_post_config
targets -set -nocase -filter {name =~ "*A9*#0"}
dow D:/repos/red_pitaya_opo_locking/vitis_workspace2_for_opo/opo_locking/Debug/opo_locking.elf
configparams force-mem-access 0
----------------End of Script----------------

15:03:07 INFO  : Context for processor 'ps7_cortexa9_0' is selected.
15:03:07 INFO  : 'con' command is executed.
15:03:07 INFO  : ----------------XSDB Script (After Launch)----------------
targets -set -nocase -filter {name =~ "*A9*#0"}
con
----------------End of Script----------------

15:03:07 INFO  : Launch script is exported to file 'D:\repos\red_pitaya_opo_locking\vitis_workspace2_for_opo\opo_locking_system\_ide\scripts\systemdebugger_opo_locking_system_standalone.tcl'
15:05:57 INFO  : Disconnected from the channel tcfchan#25.
15:05:57 INFO  : Connected to target on host '127.0.0.1' and port '3121'.
15:05:58 INFO  : Jtag cable 'Platform Cable USB II 13724327082e01' is selected.
15:05:58 INFO  : 'jtag frequency' command is executed.
15:05:58 INFO  : Context for 'APU' is selected.
15:05:59 INFO  : System reset is completed.
15:06:02 INFO  : 'after 3000' command is executed.
15:06:02 INFO  : 'targets -set -filter {jtag_cable_name =~ "Platform Cable USB II 13724327082e01" && level==0 && jtag_device_ctx=="jsn-DLC10-13724327082e01-13722093-0"}' command is executed.
15:06:08 INFO  : Device configured successfully with "D:/repos/red_pitaya_opo_locking/vitis_workspace2_for_opo/opo_locking/_ide/bitstream/SixthDraftBD_wrapper.bit"
15:06:09 INFO  : Context for 'APU' is selected.
15:06:09 INFO  : Hardware design and registers information is loaded from 'D:/repos/red_pitaya_opo_locking/vitis_workspace2_for_opo/opo_locking_project/export/opo_locking_project/hw/SixthDraftBD_wrapper.xsa'.
15:06:09 INFO  : 'configparams force-mem-access 1' command is executed.
15:06:09 INFO  : Context for 'APU' is selected.
15:06:09 INFO  : Context for processor 'ps7_cortexa9_0' is selected.
15:06:09 INFO  : Processor reset is completed for 'ps7_cortexa9_0'.
15:06:11 INFO  : The application 'D:/repos/red_pitaya_opo_locking/vitis_workspace2_for_opo/opo_locking_project/export/opo_locking_project/sw/opo_locking_project/boot/fsbl.elf' is downloaded to processor 'ps7_cortexa9_0'.
15:06:11 INFO  : 'set bp_6_11_fsbl_bp [bpadd -addr &FsblHandoffJtagExit]' command is executed.
15:07:21 WARN  : Exit breakpoint of FSBL (FsblHandoffJtagExit) is not hit within allocated wait time of '60' seconds.
Note: To wait for a fixed amount of time specify the FSBL function as empty in launch configuration. Use 'IDE_FSBL_BP_HIT_WAIT_TIME' environment variable in launch configuration to modify the wait time (seconds).
Reason: timeout: target has not halted
15:07:21 INFO  : 'bpremove $bp_6_11_fsbl_bp' command is executed.
15:07:40 INFO  : Context for processor 'ps7_cortexa9_0' is selected.
15:07:41 INFO  : The application 'D:/repos/red_pitaya_opo_locking/vitis_workspace2_for_opo/opo_locking/Debug/opo_locking.elf' is downloaded to processor 'ps7_cortexa9_0'.
15:07:41 INFO  : 'configparams force-mem-access 0' command is executed.
15:07:41 INFO  : ----------------XSDB Script----------------
connect -url tcp:127.0.0.1:3121
targets -set -nocase -filter {name =~"APU*"}
rst -system
after 3000
targets -set -filter {jtag_cable_name =~ "Platform Cable USB II 13724327082e01" && level==0 && jtag_device_ctx=="jsn-DLC10-13724327082e01-13722093-0"}
fpga -file D:/repos/red_pitaya_opo_locking/vitis_workspace2_for_opo/opo_locking/_ide/bitstream/SixthDraftBD_wrapper.bit
targets -set -nocase -filter {name =~"APU*"}
loadhw -hw D:/repos/red_pitaya_opo_locking/vitis_workspace2_for_opo/opo_locking_project/export/opo_locking_project/hw/SixthDraftBD_wrapper.xsa -mem-ranges [list {0x40000000 0xbfffffff}] -regs
configparams force-mem-access 1
targets -set -nocase -filter {name =~"APU*"}
targets -set -nocase -filter {name =~ "*A9*#0"}
rst -processor
dow D:/repos/red_pitaya_opo_locking/vitis_workspace2_for_opo/opo_locking_project/export/opo_locking_project/sw/opo_locking_project/boot/fsbl.elf
set bp_6_11_fsbl_bp [bpadd -addr &FsblHandoffJtagExit]
con -block -timeout 60
bpremove $bp_6_11_fsbl_bp
targets -set -nocase -filter {name =~ "*A9*#0"}
dow D:/repos/red_pitaya_opo_locking/vitis_workspace2_for_opo/opo_locking/Debug/opo_locking.elf
configparams force-mem-access 0
----------------End of Script----------------

15:07:42 INFO  : Context for processor 'ps7_cortexa9_0' is selected.
15:07:42 INFO  : 'con' command is executed.
15:07:42 INFO  : ----------------XSDB Script (After Launch)----------------
targets -set -nocase -filter {name =~ "*A9*#0"}
con
----------------End of Script----------------

15:07:42 INFO  : Launch script is exported to file 'D:\repos\red_pitaya_opo_locking\vitis_workspace2_for_opo\opo_locking_system\_ide\scripts\systemdebugger_opo_locking_system_standalone.tcl'
15:08:36 INFO  : Disconnected from the channel tcfchan#26.
15:08:42 INFO  : Connected to target on host '127.0.0.1' and port '3121'.
15:08:43 INFO  : Jtag cable 'Platform Cable USB II 13724327082e01' is selected.
15:08:43 INFO  : 'jtag frequency' command is executed.
15:08:43 INFO  : Context for 'APU' is selected.
15:08:43 INFO  : System reset is completed.
15:08:46 INFO  : 'after 3000' command is executed.
15:08:46 INFO  : 'targets -set -filter {jtag_cable_name =~ "Platform Cable USB II 13724327082e01" && level==0 && jtag_device_ctx=="jsn-DLC10-13724327082e01-13722093-0"}' command is executed.
15:08:53 INFO  : Device configured successfully with "D:/repos/red_pitaya_opo_locking/vitis_workspace2_for_opo/opo_locking/_ide/bitstream/SixthDraftBD_wrapper.bit"
15:08:53 INFO  : Context for 'APU' is selected.
15:08:53 INFO  : Hardware design and registers information is loaded from 'D:/repos/red_pitaya_opo_locking/vitis_workspace2_for_opo/opo_locking_project/export/opo_locking_project/hw/SixthDraftBD_wrapper.xsa'.
15:08:53 INFO  : 'configparams force-mem-access 1' command is executed.
15:08:53 INFO  : Context for 'APU' is selected.
15:08:53 INFO  : Context for processor 'ps7_cortexa9_0' is selected.
15:08:54 INFO  : Processor reset is completed for 'ps7_cortexa9_0'.
15:08:55 INFO  : The application 'D:/repos/red_pitaya_opo_locking/vitis_workspace2_for_opo/opo_locking_project/export/opo_locking_project/sw/opo_locking_project/boot/fsbl.elf' is downloaded to processor 'ps7_cortexa9_0'.
15:08:55 INFO  : 'set bp_8_55_fsbl_bp [bpadd -addr &FsblHandoffJtagExit]' command is executed.
15:10:04 WARN  : Exit breakpoint of FSBL (FsblHandoffJtagExit) is not hit within allocated wait time of '60' seconds.
Note: To wait for a fixed amount of time specify the FSBL function as empty in launch configuration. Use 'IDE_FSBL_BP_HIT_WAIT_TIME' environment variable in launch configuration to modify the wait time (seconds).
Reason: timeout: target has not halted
15:10:04 INFO  : 'bpremove $bp_8_55_fsbl_bp' command is executed.
15:11:07 INFO  : Context for processor 'ps7_cortexa9_0' is selected.
15:11:08 INFO  : The application 'D:/repos/red_pitaya_opo_locking/vitis_workspace2_for_opo/opo_locking/Debug/opo_locking.elf' is downloaded to processor 'ps7_cortexa9_0'.
15:11:08 INFO  : 'configparams force-mem-access 0' command is executed.
15:11:08 INFO  : ----------------XSDB Script----------------
connect -url tcp:127.0.0.1:3121
targets -set -nocase -filter {name =~"APU*"}
rst -system
after 3000
targets -set -filter {jtag_cable_name =~ "Platform Cable USB II 13724327082e01" && level==0 && jtag_device_ctx=="jsn-DLC10-13724327082e01-13722093-0"}
fpga -file D:/repos/red_pitaya_opo_locking/vitis_workspace2_for_opo/opo_locking/_ide/bitstream/SixthDraftBD_wrapper.bit
targets -set -nocase -filter {name =~"APU*"}
loadhw -hw D:/repos/red_pitaya_opo_locking/vitis_workspace2_for_opo/opo_locking_project/export/opo_locking_project/hw/SixthDraftBD_wrapper.xsa -mem-ranges [list {0x40000000 0xbfffffff}] -regs
configparams force-mem-access 1
targets -set -nocase -filter {name =~"APU*"}
targets -set -nocase -filter {name =~ "*A9*#0"}
rst -processor
dow D:/repos/red_pitaya_opo_locking/vitis_workspace2_for_opo/opo_locking_project/export/opo_locking_project/sw/opo_locking_project/boot/fsbl.elf
set bp_8_55_fsbl_bp [bpadd -addr &FsblHandoffJtagExit]
con -block -timeout 60
bpremove $bp_8_55_fsbl_bp
targets -set -nocase -filter {name =~ "*A9*#0"}
dow D:/repos/red_pitaya_opo_locking/vitis_workspace2_for_opo/opo_locking/Debug/opo_locking.elf
configparams force-mem-access 0
----------------End of Script----------------

15:11:09 INFO  : Context for processor 'ps7_cortexa9_0' is selected.
15:11:10 INFO  : 'con' command is executed.
15:11:10 INFO  : ----------------XSDB Script (After Launch)----------------
targets -set -nocase -filter {name =~ "*A9*#0"}
con
----------------End of Script----------------

15:11:10 INFO  : Launch script is exported to file 'D:\repos\red_pitaya_opo_locking\vitis_workspace2_for_opo\opo_locking_system\_ide\scripts\systemdebugger_opo_locking_system_standalone.tcl'
15:15:00 INFO  : Disconnected from the channel tcfchan#27.
